<?xml version="1.0" encoding="UTF-8"?>
<coverage generated="1777747871078" clover="3.2.0">
  <project timestamp="1777747871078" name="All files">
    <metrics statements="76" coveredstatements="70" conditionals="43" coveredconditionals="36" methods="10" coveredmethods="8" elements="129" coveredelements="114" complexity="0" loc="76" ncloc="76" packages="2" files="4" classes="4"/>
    <package name="server">
      <metrics statements="72" coveredstatements="66" conditionals="43" coveredconditionals="36" methods="9" coveredmethods="7"/>
      <file name="constants.js" path="E:\Projects\AI coding\prompt-wars\elect-iq\server\constants.js">
        <metrics statements="1" coveredstatements="1" conditionals="2" coveredconditionals="1" methods="0" coveredmethods="0"/>
        <line num="1" count="3" type="stmt"/>
      </file>
      <file name="index.js" path="E:\Projects\AI coding\prompt-wars\elect-iq\server\index.js">
        <metrics statements="67" coveredstatements="61" conditionals="37" coveredconditionals="33" methods="9" coveredmethods="7"/>
        <line num="1" count="3" type="stmt"/>
        <line num="2" count="3" type="stmt"/>
        <line num="3" count="3" type="stmt"/>
        <line num="4" count="3" type="stmt"/>
        <line num="5" count="3" type="stmt"/>
        <line num="6" count="3" type="stmt"/>
        <line num="7" count="3" type="stmt"/>
        <line num="8" count="3" type="stmt"/>
        <line num="10" count="3" type="stmt"/>
        <line num="11" count="3" type="stmt"/>
        <line num="20" count="15" type="cond" truecount="7" falsecount="0"/>
        <line num="21" count="11" type="stmt"/>
        <line num="23" count="4" type="stmt"/>
        <line num="33" count="25" type="cond" truecount="2" falsecount="0"/>
        <line num="34" count="24" type="stmt"/>
        <line num="35" count="24" type="cond" truecount="2" falsecount="0"/>
        <line num="37" count="67" type="cond" truecount="2" falsecount="0"/>
        <line num="40" count="13" type="stmt"/>
        <line num="42" count="11" type="stmt"/>
        <line num="54" count="4" type="stmt"/>
        <line num="57" count="4" type="stmt"/>
        <line num="80" count="4" type="cond" truecount="2" falsecount="0"/>
        <line num="81" count="4" type="stmt"/>
        <line num="84" count="4" type="stmt"/>
        <line num="89" count="4" type="stmt"/>
        <line num="92" count="4" type="stmt"/>
        <line num="98" count="4" type="cond" truecount="3" falsecount="1"/>
        <line num="108" count="4" type="stmt"/>
        <line num="109" count="7" type="stmt"/>
        <line num="110" count="7" type="cond" truecount="2" falsecount="0"/>
        <line num="111" count="5" type="stmt"/>
        <line num="112" count="5" type="stmt"/>
        <line num="114" count="2" type="stmt"/>
        <line num="115" count="2" type="stmt"/>
        <line num="116" count="2" type="stmt"/>
        <line num="121" count="2" type="stmt"/>
        <line num="122" count="2" type="stmt"/>
        <line num="123" count="2" type="stmt"/>
        <line num="124" count="2" type="cond" truecount="1" falsecount="1"/>
        <line num="126" count="2" type="stmt"/>
        <line num="128" count="0" type="stmt"/>
        <line num="129" count="0" type="stmt"/>
        <line num="141" count="4" type="stmt"/>
        <line num="142" count="9" type="stmt"/>
        <line num="143" count="9" type="cond" truecount="2" falsecount="0"/>
        <line num="144" count="7" type="stmt"/>
        <line num="147" count="2" type="stmt"/>
        <line num="148" count="2" type="stmt"/>
        <line num="149" count="2" type="stmt"/>
        <line num="150" count="2" type="stmt"/>
        <line num="151" count="2" type="stmt"/>
        <line num="156" count="2" type="cond" truecount="2" falsecount="0"/>
        <line num="157" count="1" type="stmt"/>
        <line num="158" count="1" type="stmt"/>
        <line num="159" count="1" type="stmt"/>
        <line num="161" count="1" type="stmt"/>
        <line num="162" count="1" type="stmt"/>
        <line num="167" count="4" type="stmt"/>
        <line num="170" count="4" type="stmt"/>
        <line num="171" count="0" type="stmt"/>
        <line num="175" count="4" type="stmt"/>
        <line num="177" count="4" type="stmt"/>
        <line num="181" count="3" type="stmt"/>
        <line num="183" count="3" type="cond" truecount="1" falsecount="1"/>
        <line num="184" count="0" type="stmt"/>
        <line num="185" count="0" type="stmt"/>
        <line num="186" count="0" type="stmt"/>
      </file>
      <file name="logger.js" path="E:\Projects\AI coding\prompt-wars\elect-iq\server\logger.js">
        <metrics statements="4" coveredstatements="4" conditionals="4" coveredconditionals="2" methods="0" coveredmethods="0"/>
        <line num="1" count="3" type="stmt"/>
        <line num="9" count="3" type="stmt"/>
        <line num="11" count="3" type="stmt"/>
        <line num="34" count="3" type="stmt"/>
      </file>
    </package>
    <package name="server.middleware">
      <metrics statements="4" coveredstatements="4" conditionals="0" coveredconditionals="0" methods="1" coveredmethods="1"/>
      <file name="errorHandler.js" path="E:\Projects\AI coding\prompt-wars\elect-iq\server\middleware\errorHandler.js">
        <metrics statements="4" coveredstatements="4" conditionals="0" coveredconditionals="0" methods="1" coveredmethods="1"/>
        <line num="1" count="3" type="stmt"/>
        <line num="2" count="1" type="stmt"/>
        <line num="8" count="1" type="stmt"/>
        <line num="11" count="3" type="stmt"/>
      </file>
    </package>
  </project>
</coverage>
