{"E:\\Projects\\AI coding\\prompt-wars\\elect-iq\\server\\constants.js": {"path":"E:\\Projects\\AI coding\\prompt-wars\\elect-iq\\server\\constants.js","statementMap":{"0":{"start":{"line":1,"column":0},"end":{"line":6,"column":2}}},"fnMap":{},"branchMap":{"0":{"loc":{"start":{"line":5,"column":8},"end":{"line":5,"column":32}},"type":"binary-expr","locations":[{"start":{"line":5,"column":8},"end":{"line":5,"column":24}},{"start":{"line":5,"column":28},"end":{"line":5,"column":32}}],"line":5}},"s":{"0":3},"f":{},"b":{"0":[3,0]},"_coverageSchema":"1a1c01bbd47fc00a2c39e90264f33305004495a9","hash":"8fe867900d025b9ecf187a9304318c14c3f04b65"}
,"E:\\Projects\\AI coding\\prompt-wars\\elect-iq\\server\\index.js": {"path":"E:\\Projects\\AI coding\\prompt-wars\\elect-iq\\server\\index.js","statementMap":{"0":{"start":{"line":1,"column":16},"end":{"line":1,"column":34}},"1":{"start":{"line":2,"column":13},"end":{"line":2,"column":28}},"2":{"start":{"line":3,"column":15},"end":{"line":3,"column":32}},"3":{"start":{"line":4,"column":18},"end":{"line":4,"column":47}},"4":{"start":{"line":5,"column":24},"end":{"line":5,"column":48}},"5":{"start":{"line":6,"column":15},"end":{"line":6,"column":34}},"6":{"start":{"line":7,"column":13},"end":{"line":7,"column":28}},"7":{"start":{"line":8,"column":0},"end":{"line":8,"column":27}},"8":{"start":{"line":10,"column":84},"end":{"line":10,"column":106}},"9":{"start":{"line":11,"column":21},"end":{"line":11,"column":57}},"10":{"start":{"line":20,"column":2},"end":{"line":22,"column":3}},"11":{"start":{"line":21,"column":4},"end":{"line":21,"column":78}},"12":{"start":{"line":23,"column":2},"end":{"line":23,"column":25}},"13":{"start":{"line":33,"column":2},"end":{"line":33,"column":63}},"14":{"start":{"line":33,"column":13},"end":{"line":33,"column":63}},"15":{"start":{"line":34,"column":36},"end":{"line":34,"column":40}},"16":{"start":{"line":35,"column":2},"end":{"line":41,"column":3}},"17":{"start":{"line":37,"column":22},"end":{"line":37,"column":66}},"18":{"start":{"line":40,"column":4},"end":{"line":40,"column":54}},"19":{"start":{"line":42,"column":2},"end":{"line":42,"column":25}},"20":{"start":{"line":54,"column":14},"end":{"line":54,"column":23}},"21":{"start":{"line":57,"column":2},"end":{"line":79,"column":6}},"22":{"start":{"line":80,"column":2},"end":{"line":80,"column":82}},"23":{"start":{"line":81,"column":2},"end":{"line":81,"column":43}},"24":{"start":{"line":84,"column":21},"end":{"line":88,"column":4}},"25":{"start":{"line":89,"column":2},"end":{"line":89,"column":31}},"26":{"start":{"line":92,"column":27},"end":{"line":95,"column":4}},"27":{"start":{"line":98,"column":13},"end":{"line":98,"column":85}},"28":{"start":{"line":108,"column":2},"end":{"line":131,"column":5}},"29":{"start":{"line":109,"column":23},"end":{"line":109,"column":50}},"30":{"start":{"line":110,"column":4},"end":{"line":113,"column":5}},"31":{"start":{"line":111,"column":6},"end":{"line":111,"column":61}},"32":{"start":{"line":112,"column":6},"end":{"line":112,"column":63}},"33":{"start":{"line":114,"column":4},"end":{"line":130,"column":5}},"34":{"start":{"line":115,"column":40},"end":{"line":115,"column":48}},"35":{"start":{"line":116,"column":23},"end":{"line":120,"column":8}},"36":{"start":{"line":121,"column":6},"end":{"line":121,"column":65}},"37":{"start":{"line":122,"column":6},"end":{"line":122,"column":52}},"38":{"start":{"line":123,"column":6},"end":{"line":125,"column":7}},"39":{"start":{"line":124,"column":8},"end":{"line":124,"column":46}},"40":{"start":{"line":124,"column":24},"end":{"line":124,"column":46}},"41":{"start":{"line":126,"column":6},"end":{"line":126,"column":16}},"42":{"start":{"line":128,"column":6},"end":{"line":128,"column":81}},"43":{"start":{"line":129,"column":6},"end":{"line":129,"column":18}},"44":{"start":{"line":141,"column":2},"end":{"line":164,"column":5}},"45":{"start":{"line":142,"column":23},"end":{"line":142,"column":55}},"46":{"start":{"line":143,"column":4},"end":{"line":145,"column":5}},"47":{"start":{"line":144,"column":6},"end":{"line":144,"column":63}},"48":{"start":{"line":147,"column":4},"end":{"line":163,"column":5}},"49":{"start":{"line":148,"column":40},"end":{"line":148,"column":48}},"50":{"start":{"line":149,"column":21},"end":{"line":149,"column":52}},"51":{"start":{"line":150,"column":18},"end":{"line":150,"column":90}},"52":{"start":{"line":151,"column":23},"end":{"line":155,"column":8}},"53":{"start":{"line":156,"column":6},"end":{"line":156,"column":93}},"54":{"start":{"line":156,"column":24},"end":{"line":156,"column":93}},"55":{"start":{"line":157,"column":19},"end":{"line":157,"column":40}},"56":{"start":{"line":158,"column":27},"end":{"line":158,"column":76}},"57":{"start":{"line":158,"column":59},"end":{"line":158,"column":75}},"58":{"start":{"line":159,"column":6},"end":{"line":159,"column":33}},"59":{"start":{"line":161,"column":6},"end":{"line":161,"column":62}},"60":{"start":{"line":162,"column":6},"end":{"line":162,"column":18}},"61":{"start":{"line":167,"column":2},"end":{"line":167,"column":58}},"62":{"start":{"line":170,"column":2},"end":{"line":172,"column":5}},"63":{"start":{"line":171,"column":4},"end":{"line":171,"column":63}},"64":{"start":{"line":175,"column":2},"end":{"line":175,"column":24}},"65":{"start":{"line":177,"column":2},"end":{"line":177,"column":13}},"66":{"start":{"line":181,"column":0},"end":{"line":181,"column":93}},"67":{"start":{"line":183,"column":0},"end":{"line":188,"column":1}},"68":{"start":{"line":184,"column":14},"end":{"line":184,"column":25}},"69":{"start":{"line":185,"column":2},"end":{"line":187,"column":5}},"70":{"start":{"line":186,"column":4},"end":{"line":186,"column":58}}},"fnMap":{"0":{"name":"validateChatInput","decl":{"start":{"line":19,"column":9},"end":{"line":19,"column":26}},"loc":{"start":{"line":19,"column":33},"end":{"line":24,"column":1}},"line":19},"1":{"name":"validateTranslateInput","decl":{"start":{"line":32,"column":9},"end":{"line":32,"column":31}},"loc":{"start":{"line":32,"column":38},"end":{"line":43,"column":1}},"line":32},"2":{"name":"(anonymous_2)","decl":{"start":{"line":37,"column":17},"end":{"line":37,"column":18}},"loc":{"start":{"line":37,"column":22},"end":{"line":37,"column":66}},"line":37},"3":{"name":"createApp","decl":{"start":{"line":53,"column":9},"end":{"line":53,"column":18}},"loc":{"start":{"line":53,"column":30},"end":{"line":178,"column":1}},"line":53},"4":{"name":"(anonymous_4)","decl":{"start":{"line":108,"column":24},"end":{"line":108,"column":25}},"loc":{"start":{"line":108,"column":50},"end":{"line":131,"column":3}},"line":108},"5":{"name":"(anonymous_5)","decl":{"start":{"line":141,"column":47},"end":{"line":141,"column":48}},"loc":{"start":{"line":141,"column":73},"end":{"line":164,"column":3}},"line":141},"6":{"name":"(anonymous_6)","decl":{"start":{"line":158,"column":54},"end":{"line":158,"column":55}},"loc":{"start":{"line":158,"column":59},"end":{"line":158,"column":75}},"line":158},"7":{"name":"(anonymous_7)","decl":{"start":{"line":170,"column":22},"end":{"line":170,"column":23}},"loc":{"start":{"line":170,"column":36},"end":{"line":172,"column":3}},"line":170},"8":{"name":"(anonymous_8)","decl":{"start":{"line":185,"column":19},"end":{"line":185,"column":20}},"loc":{"start":{"line":185,"column":25},"end":{"line":187,"column":3}},"line":185}},"branchMap":{"0":{"loc":{"start":{"line":20,"column":2},"end":{"line":22,"column":3}},"type":"if","locations":[{"start":{"line":20,"column":2},"end":{"line":22,"column":3}},{"start":{},"end":{}}],"line":20},"1":{"loc":{"start":{"line":20,"column":6},"end":{"line":20,"column":149}},"type":"binary-expr","locations":[{"start":{"line":20,"column":6},"end":{"line":20,"column":11}},{"start":{"line":20,"column":15},"end":{"line":20,"column":28}},{"start":{"line":20,"column":32},"end":{"line":20,"column":64}},{"start":{"line":20,"column":68},"end":{"line":20,"column":100}},{"start":{"line":20,"column":104},"end":{"line":20,"column":149}}],"line":20},"2":{"loc":{"start":{"line":33,"column":2},"end":{"line":33,"column":63}},"type":"if","locations":[{"start":{"line":33,"column":2},"end":{"line":33,"column":63}},{"start":{},"end":{}}],"line":33},"3":{"loc":{"start":{"line":35,"column":2},"end":{"line":41,"column":3}},"type":"if","locations":[{"start":{"line":35,"column":2},"end":{"line":41,"column":3}},{"start":{},"end":{}}],"line":35},"4":{"loc":{"start":{"line":36,"column":4},"end":{"line":38,"column":47}},"type":"binary-expr","locations":[{"start":{"line":36,"column":4},"end":{"line":36,"column":25}},{"start":{"line":36,"column":29},"end":{"line":36,"column":47}},{"start":{"line":36,"column":51},"end":{"line":36,"column":87}},{"start":{"line":37,"column":4},"end":{"line":37,"column":67}},{"start":{"line":38,"column":4},"end":{"line":38,"column":47}}],"line":36},"5":{"loc":{"start":{"line":37,"column":22},"end":{"line":37,"column":66}},"type":"binary-expr","locations":[{"start":{"line":37,"column":22},"end":{"line":37,"column":43}},{"start":{"line":37,"column":47},"end":{"line":37,"column":66}}],"line":37},"6":{"loc":{"start":{"line":53,"column":19},"end":{"line":53,"column":28}},"type":"default-arg","locations":[{"start":{"line":53,"column":26},"end":{"line":53,"column":28}}],"line":53},"7":{"loc":{"start":{"line":80,"column":25},"end":{"line":80,"column":77}},"type":"binary-expr","locations":[{"start":{"line":80,"column":25},"end":{"line":80,"column":50}},{"start":{"line":80,"column":54},"end":{"line":80,"column":77}}],"line":80},"8":{"loc":{"start":{"line":98,"column":13},"end":{"line":98,"column":85}},"type":"binary-expr","locations":[{"start":{"line":98,"column":13},"end":{"line":98,"column":20}},{"start":{"line":98,"column":24},"end":{"line":98,"column":85}}],"line":98},"9":{"loc":{"start":{"line":98,"column":50},"end":{"line":98,"column":82}},"type":"binary-expr","locations":[{"start":{"line":98,"column":50},"end":{"line":98,"column":76}},{"start":{"line":98,"column":80},"end":{"line":98,"column":82}}],"line":98},"10":{"loc":{"start":{"line":110,"column":4},"end":{"line":113,"column":5}},"type":"if","locations":[{"start":{"line":110,"column":4},"end":{"line":113,"column":5}},{"start":{},"end":{}}],"line":110},"11":{"loc":{"start":{"line":119,"column":22},"end":{"line":119,"column":73}},"type":"binary-expr","locations":[{"start":{"line":119,"column":22},"end":{"line":119,"column":34}},{"start":{"line":119,"column":38},"end":{"line":119,"column":73}}],"line":119},"12":{"loc":{"start":{"line":124,"column":8},"end":{"line":124,"column":46}},"type":"if","locations":[{"start":{"line":124,"column":8},"end":{"line":124,"column":46}},{"start":{},"end":{}}],"line":124},"13":{"loc":{"start":{"line":143,"column":4},"end":{"line":145,"column":5}},"type":"if","locations":[{"start":{"line":143,"column":4},"end":{"line":145,"column":5}},{"start":{},"end":{}}],"line":143},"14":{"loc":{"start":{"line":156,"column":6},"end":{"line":156,"column":93}},"type":"if","locations":[{"start":{"line":156,"column":6},"end":{"line":156,"column":93}},{"start":{},"end":{}}],"line":156},"15":{"loc":{"start":{"line":183,"column":0},"end":{"line":188,"column":1}},"type":"if","locations":[{"start":{"line":183,"column":0},"end":{"line":188,"column":1}},{"start":{},"end":{}}],"line":183}},"s":{"0":3,"1":3,"2":3,"3":3,"4":3,"5":3,"6":3,"7":3,"8":3,"9":3,"10":15,"11":11,"12":4,"13":25,"14":1,"15":24,"16":24,"17":67,"18":13,"19":11,"20":4,"21":4,"22":4,"23":4,"24":4,"25":4,"26":4,"27":4,"28":4,"29":7,"30":7,"31":5,"32":5,"33":2,"34":2,"35":2,"36":2,"37":2,"38":2,"39":2,"40":2,"41":2,"42":0,"43":0,"44":4,"45":9,"46":9,"47":7,"48":2,"49":2,"50":2,"51":2,"52":2,"53":2,"54":1,"55":1,"56":1,"57":1,"58":1,"59":1,"60":1,"61":4,"62":4,"63":0,"64":4,"65":4,"66":3,"67":3,"68":0,"69":0,"70":0},"f":{"0":15,"1":25,"2":67,"3":4,"4":7,"5":9,"6":1,"7":0,"8":0},"b":{"0":[11,4],"1":[15,14,10,7,5],"2":[1,24],"3":[13,11],"4":[24,22,20,17,15],"5":[67,66],"6":[2],"7":[4,4],"8":[4,2],"9":[2,0],"10":[5,2],"11":[2,0],"12":[2,0],"13":[7,2],"14":[1,1],"15":[0,3]},"_coverageSchema":"1a1c01bbd47fc00a2c39e90264f33305004495a9","hash":"6da13d594322070c7e08570c18c9318f7bbb14b9"}
,"E:\\Projects\\AI coding\\prompt-wars\\elect-iq\\server\\logger.js": {"path":"E:\\Projects\\AI coding\\prompt-wars\\elect-iq\\server\\logger.js","statementMap":{"0":{"start":{"line":1,"column":16},"end":{"line":1,"column":34}},"1":{"start":{"line":9,"column":21},"end":{"line":9,"column":58}},"2":{"start":{"line":11,"column":15},"end":{"line":32,"column":2}},"3":{"start":{"line":34,"column":0},"end":{"line":34,"column":24}}},"fnMap":{},"branchMap":{"0":{"loc":{"start":{"line":20,"column":14},"end":{"line":22,"column":33}},"type":"cond-expr","locations":[{"start":{"line":21,"column":10},"end":{"line":21,"column":31}},{"start":{"line":22,"column":10},"end":{"line":22,"column":33}}],"line":20},"1":{"loc":{"start":{"line":25,"column":8},"end":{"line":30,"column":10}},"type":"cond-expr","locations":[{"start":{"line":26,"column":8},"end":{"line":29,"column":9}},{"start":{"line":30,"column":8},"end":{"line":30,"column":10}}],"line":25}},"s":{"0":3,"1":3,"2":3,"3":3},"f":{},"b":{"0":[0,3],"1":[3,0]},"_coverageSchema":"1a1c01bbd47fc00a2c39e90264f33305004495a9","hash":"56ad5d29f0c1dd9ac7da9719d15f568f53ad8276"}
,"E:\\Projects\\AI coding\\prompt-wars\\elect-iq\\server\\middleware\\errorHandler.js": {"path":"E:\\Projects\\AI coding\\prompt-wars\\elect-iq\\server\\middleware\\errorHandler.js","statementMap":{"0":{"start":{"line":1,"column":21},"end":{"line":9,"column":1}},"1":{"start":{"line":2,"column":2},"end":{"line":7,"column":6}},"2":{"start":{"line":8,"column":2},"end":{"line":8,"column":59}},"3":{"start":{"line":11,"column":0},"end":{"line":11,"column":30}}},"fnMap":{"0":{"name":"(anonymous_0)","decl":{"start":{"line":1,"column":21},"end":{"line":1,"column":22}},"loc":{"start":{"line":1,"column":46},"end":{"line":9,"column":1}},"line":1}},"branchMap":{},"s":{"0":3,"1":1,"2":1,"3":3},"f":{"0":1},"b":{},"_coverageSchema":"1a1c01bbd47fc00a2c39e90264f33305004495a9","hash":"7fe544f76832faf99158de7d312c57e48860bdee"}
}
