TN:
SF:constants.js
FNF:0
FNH:0
DA:1,3
LF:1
LH:1
BRDA:5,0,0,3
BRDA:5,0,1,0
BRF:2
BRH:1
end_of_record
TN:
SF:index.js
FN:19,validateChatInput
FN:32,validateTranslateInput
FN:37,(anonymous_2)
FN:53,createApp
FN:108,(anonymous_4)
FN:141,(anonymous_5)
FN:158,(anonymous_6)
FN:170,(anonymous_7)
FN:185,(anonymous_8)
FNF:9
FNH:7
FNDA:15,validateChatInput
FNDA:25,validateTranslateInput
FNDA:67,(anonymous_2)
FNDA:4,createApp
FNDA:7,(anonymous_4)
FNDA:9,(anonymous_5)
FNDA:1,(anonymous_6)
FNDA:0,(anonymous_7)
FNDA:0,(anonymous_8)
DA:1,3
DA:2,3
DA:3,3
DA:4,3
DA:5,3
DA:6,3
DA:7,3
DA:8,3
DA:10,3
DA:11,3
DA:20,15
DA:21,11
DA:23,4
DA:33,25
DA:34,24
DA:35,24
DA:37,67
DA:40,13
DA:42,11
DA:54,4
DA:57,4
DA:80,4
DA:81,4
DA:84,4
DA:89,4
DA:92,4
DA:98,4
DA:108,4
DA:109,7
DA:110,7
DA:111,5
DA:112,5
DA:114,2
DA:115,2
DA:116,2
DA:121,2
DA:122,2
DA:123,2
DA:124,2
DA:126,2
DA:128,0
DA:129,0
DA:141,4
DA:142,9
DA:143,9
DA:144,7
DA:147,2
DA:148,2
DA:149,2
DA:150,2
DA:151,2
DA:156,2
DA:157,1
DA:158,1
DA:159,1
DA:161,1
DA:162,1
DA:167,4
DA:170,4
DA:171,0
DA:175,4
DA:177,4
DA:181,3
DA:183,3
DA:184,0
DA:185,0
DA:186,0
LF:67
LH:61
BRDA:20,0,0,11
BRDA:20,0,1,4
BRDA:20,1,0,15
BRDA:20,1,1,14
BRDA:20,1,2,10
BRDA:20,1,3,7
BRDA:20,1,4,5
BRDA:33,2,0,1
BRDA:33,2,1,24
BRDA:35,3,0,13
BRDA:35,3,1,11
BRDA:36,4,0,24
BRDA:36,4,1,22
BRDA:36,4,2,20
BRDA:36,4,3,17
BRDA:36,4,4,15
BRDA:37,5,0,67
BRDA:37,5,1,66
BRDA:53,6,0,2
BRDA:80,7,0,4
BRDA:80,7,1,4
BRDA:98,8,0,4
BRDA:98,8,1,2
BRDA:98,9,0,2
BRDA:98,9,1,0
BRDA:110,10,0,5
BRDA:110,10,1,2
BRDA:119,11,0,2
BRDA:119,11,1,0
BRDA:124,12,0,2
BRDA:124,12,1,0
BRDA:143,13,0,7
BRDA:143,13,1,2
BRDA:156,14,0,1
BRDA:156,14,1,1
BRDA:183,15,0,0
BRDA:183,15,1,3
BRF:37
BRH:33
end_of_record
TN:
SF:logger.js
FNF:0
FNH:0
DA:1,3
DA:9,3
DA:11,3
DA:34,3
LF:4
LH:4
BRDA:20,0,0,0
BRDA:20,0,1,3
BRDA:25,1,0,3
BRDA:25,1,1,0
BRF:4
BRH:2
end_of_record
TN:
SF:middleware\errorHandler.js
FN:1,(anonymous_0)
FNF:1
FNH:1
FNDA:1,(anonymous_0)
DA:1,3
DA:2,1
DA:8,1
DA:11,3
LF:4
LH:4
BRF:0
BRH:0
end_of_record
